<?xml version="1.0" encoding="UTF-8"?>
<testsuite xmlns:xsi="http://www.w3.org/2001/XMLSchema-instance" xsi:noNamespaceSchemaLocation="https://maven.apache.org/surefire/maven-surefire-plugin/xsd/surefire-test-report-3.0.xsd" version="3.0" name="MainTest" time="1.265" tests="3" errors="0" skipped="0" failures="0">
  <properties>
[...]
</properties>
  <testcase name="givenNoInputData_whenRun_thenPrintErrorMessage" classname="MainTest" time="1.238"/>
  <testcase name="givenValidArgs_whenMainExecutedUnicode_thenCorrectOutputAndConfigValues" classname="MainTest" time="0.014"/>
  <testcase name="givenValidArgs_whenMainExecutedShift_thenCorrectOutputAndConfigValues" classname="MainTest" time="0.005"/>
</testsuite>